<?xml version="1.0" encoding="UTF-8"?>
<Site BuildName="(empty)"
	BuildStamp="20231125-2135-Experimental"
	Name="(empty)"
	Generator="ctest-3.22.1"
	CompilerName=""
	CompilerVersion=""
	OSName="Linux"
	Hostname="alp-HP-250-G4-Notebook-PC"
	OSRelease="5.15.0-89-generic"
	OSVersion="#99-Ubuntu SMP Mon Oct 30 20:42:41 UTC 2023"
	OSPlatform="x86_64"
	Is64Bits="1"
	VendorString="GenuineIntel"
	VendorID="Intel Corporation"
	FamilyID="6"
	ModelID="78"
	ProcessorCacheSize="3072"
	NumberOfLogicalCPU="4"
	NumberOfPhysicalCPU="2"
	TotalVirtualMemory="2047"
	TotalPhysicalMemory="3810"
	LogicalProcessorsPerPhysical="2"
	ProcessorClockFrequency="1529.64"
	>
	<Testing>
		<StartDateTime>Nov 26 00:35 +03</StartDateTime>
		<StartTestTime>1700948138</StartTestTime>
		<TestList/>
		<EndDateTime>Nov 26 00:35 +03</EndDateTime>
		<EndTestTime>1700948138</EndTestTime>
		<ElapsedMinutes>0</ElapsedMinutes>
	</Testing>
</Site>
